<?xml version="1.0" encoding="UTF-8"?>
<!-- Generated by org.testng.reporters.JUnitXMLReporter -->
<testsuite ignored="0" hostname="LAPTOP-8IPF2VDL" failures="0" tests="4" name="Test" time="14.113" errors="0" timestamp="2021-09-01T19:24:49 IST">
  <testcase classname="testPackage.Personal_loan" name="personal_loan" time="0.006"/>
  <testcase classname="testPackage.MvnTest" name="test" time="13.855"/>
  <testcase classname="testPackage.Home_Loan" name="home_Loan" time="0.002"/>
  <testcase classname="testPackage.Car_loan" name="car_loan" time="0.001"/>
</testsuite> <!-- Test -->
