<?xml version="1.0" encoding="UTF-8"?>
<testng-results ignored="0" total="1" passed="1" failed="0" skipped="0">
  <reporter-output>
  </reporter-output>
  <suite started-at="2021-09-07T13:18:10 IST" name="Default suite" finished-at="2021-09-07T13:18:21 IST" duration-ms="11553">
    <groups>
    </groups>
    <test started-at="2021-09-07T13:18:10 IST" name="Default test" finished-at="2021-09-07T13:18:21 IST" duration-ms="11553">
      <class name="testPackage.MvnTest">
        <test-method is-config="true" signature="beforeTest()[pri:0, instance:testPackage.MvnTest@2c1b194a]" started-at="2021-09-07T13:18:10 IST" name="beforeTest" finished-at="2021-09-07T13:18:10 IST" duration-ms="25" status="PASS">
          <reporter-output>
          </reporter-output>
        </test-method> <!-- beforeTest -->
        <test-method signature="test()[pri:0, instance:testPackage.MvnTest@2c1b194a]" started-at="2021-09-07T13:18:10 IST" name="test" finished-at="2021-09-07T13:18:21 IST" duration-ms="11210" status="PASS">
          <reporter-output>
          </reporter-output>
        </test-method> <!-- test -->
        <test-method is-config="true" signature="afterTest()[pri:0, instance:testPackage.MvnTest@2c1b194a]" started-at="2021-09-07T13:18:21 IST" name="afterTest" finished-at="2021-09-07T13:18:21 IST" duration-ms="213" status="PASS">
          <reporter-output>
          </reporter-output>
        </test-method> <!-- afterTest -->
      </class> <!-- testPackage.MvnTest -->
    </test> <!-- Default test -->
  </suite> <!-- Default suite -->
</testng-results>
